<?xml version="1.0" encoding="UTF-8"?>
<!-- Generated by org.testng.reporters.JUnitXMLReporter -->
<testsuite hostname="Test-Amitverma" name="Login" tests="1" failures="0" timestamp="25 Oct 2016 12:35:44 GMT" time="0.064" errors="0">
  <testcase name="@BeforeTest testInit" time="0.0" classname="com.icreon.res_allocqa.tests.LoginTest">
    <failure type="java.lang.IllegalStateException" message="The path to the driver executable must be set by the webdriver.gecko.driver system property; for more information, see https://github.com/mozilla/geckodriver. The latest version can be downloaded from https://github.com/mozilla/geckodriver/releases">
      <![CDATA[java.lang.IllegalStateException: The path to the driver executable must be set by the webdriver.gecko.driver system property; for more information, see https://github.com/mozilla/geckodriver. The latest version can be downloaded from https://github.com/mozilla/geckodriver/releases
	at com.google.common.base.Preconditions.checkState(Preconditions.java:200)
	at org.openqa.selenium.remote.service.DriverService.findExecutable(DriverService.java:109)
	at org.openqa.selenium.firefox.GeckoDriverService.access$000(GeckoDriverService.java:37)
	at org.openqa.selenium.firefox.GeckoDriverService$Builder.findDefaultExecutable(GeckoDriverService.java:95)
	at org.openqa.selenium.remote.service.DriverService$Builder.build(DriverService.java:296)
	at org.openqa.selenium.firefox.FirefoxDriver.createCommandExecutor(FirefoxDriver.java:265)
	at org.openqa.selenium.firefox.FirefoxDriver.<init>(FirefoxDriver.java:235)
	at org.openqa.selenium.firefox.FirefoxDriver.<init>(FirefoxDriver.java:230)
	at org.openqa.selenium.firefox.FirefoxDriver.<init>(FirefoxDriver.java:226)
	at org.openqa.selenium.firefox.FirefoxDriver.<init>(FirefoxDriver.java:124)
	at com.icreon.res_allocqa.helpers.WebDriverFactory.instantiateDriver(WebDriverFactory.java:29)
	at base.testBase.init(testBase.java:42)
	at com.icreon.res_allocqa.tests.LoginTest.testInit(LoginTest.java:35)
... Removed 21 stack frames]]>
    </failure>
  </testcase> <!-- @BeforeTest testInit -->
  <testcase name="@BeforeClass beforeClass" time="0.0" classname="com.icreon.res_allocqa.tests.LoginTest">
    <skipped/>
  </testcase> <!-- @BeforeClass beforeClass -->
  <testcase name="testLogin" time="0.0" classname="com.icreon.res_allocqa.tests.LoginTest">
    <skipped/>
  </testcase> <!-- testLogin -->
</testsuite> <!-- Login -->
